Started GET "/" for 127.0.0.1 at 2018-01-16 22:14:15 +1100
Processing by Rails::WelcomeController#index as HTML
  Rendering /Users/Sandy/.rvm/gems/ruby-2.4.0/gems/railties-5.1.4/lib/rails/templates/rails/welcome/index.html.erb
  Rendered /Users/Sandy/.rvm/gems/ruby-2.4.0/gems/railties-5.1.4/lib/rails/templates/rails/welcome/index.html.erb (3.2ms)
Completed 200 OK in 186ms (Views: 11.0ms)


  [1m[35m (0.1ms)[0m  [1m[34mSELECT sqlite_version(*)[0m
  [1m[35m (2.0ms)[0m  [1m[35mCREATE TABLE "schema_migrations" ("version" varchar NOT NULL PRIMARY KEY)[0m
  [1m[35m (1.2ms)[0m  [1m[35mCREATE TABLE "ar_internal_metadata" ("key" varchar NOT NULL PRIMARY KEY, "value" varchar, "created_at" datetime NOT NULL, "updated_at" datetime NOT NULL)[0m
  [1m[35m (0.2ms)[0m  [1m[34mSELECT "schema_migrations"."version" FROM "schema_migrations" ORDER BY "schema_migrations"."version" ASC[0m
Migrating to CreatePlaces (20180116111519)
  [1m[35m (0.1ms)[0m  [1m[36mbegin transaction[0m
  [1m[35m (0.5ms)[0m  [1m[35mCREATE TABLE "places" ("id" INTEGER PRIMARY KEY AUTOINCREMENT NOT NULL, "name" varchar, "location" varchar, "image" varchar, "description" varchar, "rating" float, "created_at" datetime NOT NULL, "updated_at" datetime NOT NULL)[0m
  [1m[35mSQL (0.3ms)[0m  [1m[32mINSERT INTO "schema_migrations" ("version") VALUES (?)[0m  [["version", "20180116111519"]]
  [1m[35m (0.9ms)[0m  [1m[36mcommit transaction[0m
  [1m[36mActiveRecord::InternalMetadata Load (0.1ms)[0m  [1m[34mSELECT  "ar_internal_metadata".* FROM "ar_internal_metadata" WHERE "ar_internal_metadata"."key" = ? LIMIT ?[0m  [["key", "environment"], ["LIMIT", 1]]
  [1m[35m (0.0ms)[0m  [1m[36mbegin transaction[0m
  [1m[35mSQL (0.5ms)[0m  [1m[32mINSERT INTO "ar_internal_metadata" ("key", "value", "created_at", "updated_at") VALUES (?, ?, ?, ?)[0m  [["key", "environment"], ["value", "development"], ["created_at", "2018-01-16 11:15:52.871213"], ["updated_at", "2018-01-16 11:15:52.871213"]]
  [1m[35m (0.9ms)[0m  [1m[36mcommit transaction[0m
  [1m[35m (0.2ms)[0m  [1m[34mSELECT "schema_migrations"."version" FROM "schema_migrations" ORDER BY "schema_migrations"."version" ASC[0m
  [1m[35m (0.1ms)[0m  [1m[34mSELECT "schema_migrations"."version" FROM "schema_migrations" ORDER BY "schema_migrations"."version" ASC[0m
  [1m[35m (0.2ms)[0m  [1m[34mSELECT "schema_migrations"."version" FROM "schema_migrations" ORDER BY "schema_migrations"."version" ASC[0m
  [1m[36mPlace Load (0.3ms)[0m  [1m[34mSELECT "places".* FROM "places"[0m
  [1m[35m (0.2ms)[0m  [1m[34mSELECT "schema_migrations"."version" FROM "schema_migrations" ORDER BY "schema_migrations"."version" ASC[0m
  [1m[36mPlace Load (0.4ms)[0m  [1m[34mSELECT "places".* FROM "places"[0m
  [1m[35m (0.1ms)[0m  [1m[36mbegin transaction[0m
  [1m[35mSQL (1.1ms)[0m  [1m[32mINSERT INTO "places" ("name", "location", "description", "rating", "created_at", "updated_at") VALUES (?, ?, ?, ?, ?, ?)[0m  [["name", "Taj Mahal"], ["location", "Delhi"], ["description", "Taj Mahal is a picturesque monument built in the indo-Persian architecture of the Mughals. It is an epitome of the sacred love and the strong bond of affection between the emperor and his wife."], ["rating", 10.0], ["created_at", "2018-01-16 11:26:17.297152"], ["updated_at", "2018-01-16 11:26:17.297152"]]
  [1m[35m (1.2ms)[0m  [1m[36mcommit transaction[0m
  [1m[35m (0.1ms)[0m  [1m[36mbegin transaction[0m
  [1m[35mSQL (0.6ms)[0m  [1m[32mINSERT INTO "places" ("name", "location", "description", "rating", "created_at", "updated_at") VALUES (?, ?, ?, ?, ?, ?)[0m  [["name", "Udaipur Palace"], ["location", "Udaipur"], ["description", " Located on the banks of Lake Pichola is the great City Palace built in a flamboyant style by the Rajasthani and Mughal emperors."], ["rating", 10.0], ["created_at", "2018-01-16 11:26:17.301754"], ["updated_at", "2018-01-16 11:26:17.301754"]]
  [1m[35m (1.1ms)[0m  [1m[36mcommit transaction[0m
  [1m[35m (0.2ms)[0m  [1m[36mbegin transaction[0m
  [1m[35mSQL (0.7ms)[0m  [1m[32mINSERT INTO "places" ("name", "location", "description", "rating", "created_at", "updated_at") VALUES (?, ?, ?, ?, ?, ?)[0m  [["name", "Kerala Backwaters"], ["location", "Kerala"], ["description", "Parallel to the Arabian Sea lie a chain of brackish lagoons and lakes which constitute the Kerala backwaters. The Kerala backwaters consist of a series of interconnected canals, lakes and rivers forming a maze-like system covering 900 kms of waterways."], ["rating", 10.0], ["created_at", "2018-01-16 11:26:17.306372"], ["updated_at", "2018-01-16 11:26:17.306372"]]
  [1m[35m (0.9ms)[0m  [1m[36mcommit transaction[0m
  [1m[35m (0.1ms)[0m  [1m[36mbegin transaction[0m
  [1m[35mSQL (0.4ms)[0m  [1m[32mINSERT INTO "places" ("name", "location", "description", "rating", "created_at", "updated_at") VALUES (?, ?, ?, ?, ?, ?)[0m  [["name", "Leh Ladak"], ["location", "Jammu & Kashmir"], ["description", " It is one of the most sparsely populated regions in Jammu and Kashmir and its culture and history are closely related to that of Tibet. Ladakh is renowned for its remote mountain beauty and culture."], ["rating", 10.0], ["created_at", "2018-01-16 11:26:17.310792"], ["updated_at", "2018-01-16 11:26:17.310792"]]
  [1m[35m (0.7ms)[0m  [1m[36mcommit transaction[0m
  [1m[35m (0.1ms)[0m  [1m[36mbegin transaction[0m
  [1m[35mSQL (1.2ms)[0m  [1m[32mINSERT INTO "places" ("name", "location", "description", "rating", "created_at", "updated_at") VALUES (?, ?, ?, ?, ?, ?)[0m  [["name", "Ajanta Caves"], ["location", "Maharashtra"], ["description", "The Ajanta Caves are about 29 rock-cut Buddhist cave monuments which date from the 2nd century BCE to about 480 CE in Aurangabad district of Maharashtra state of India."], ["rating", 10.0], ["created_at", "2018-01-16 11:26:17.314635"], ["updated_at", "2018-01-16 11:26:17.314635"]]
  [1m[35m (2.2ms)[0m  [1m[36mcommit transaction[0m
  [1m[36mPlace Load (0.2ms)[0m  [1m[34mSELECT "places".* FROM "places"[0m
  [1m[35m (0.4ms)[0m  [1m[34mSELECT "places"."name" FROM "places"[0m
Started GET "/" for 127.0.0.1 at 2018-01-16 22:49:53 +1100
  [1m[35m (0.3ms)[0m  [1m[34mSELECT "schema_migrations"."version" FROM "schema_migrations" ORDER BY "schema_migrations"."version" ASC[0m
Processing by PlacesController#index as HTML
  Rendering places/index.html.erb within layouts/application
  [1m[36mPlace Load (0.4ms)[0m  [1m[34mSELECT "places".* FROM "places"[0m
  Rendered places/index.html.erb within layouts/application (14.7ms)
Completed 200 OK in 346ms (Views: 319.9ms | ActiveRecord: 1.1ms)


Started GET "/places/1" for 127.0.0.1 at 2018-01-16 22:49:56 +1100
Processing by PlacesController#show as HTML
  Parameters: {"id"=>"1"}
  [1m[36mPlace Load (0.3ms)[0m  [1m[34mSELECT  "places".* FROM "places" WHERE "places"."id" = ? LIMIT ?[0m  [["id", 1], ["LIMIT", 1]]
  Rendering places/show.html.erb within layouts/application
  Rendered places/show.html.erb within layouts/application (0.8ms)
Completed 200 OK in 37ms (Views: 26.4ms | ActiveRecord: 0.5ms)


Started GET "/places/1/edit" for 127.0.0.1 at 2018-01-16 22:50:01 +1100
Processing by PlacesController#edit as HTML
  Parameters: {"id"=>"1"}
  [1m[36mPlace Load (0.1ms)[0m  [1m[34mSELECT  "places".* FROM "places" WHERE "places"."id" = ? LIMIT ?[0m  [["id", 1], ["LIMIT", 1]]
  Rendering places/edit.html.erb within layouts/application
  Rendered places/edit.html.erb within layouts/application (0.9ms)
Completed 200 OK in 39ms (Views: 32.7ms | ActiveRecord: 0.1ms)


Started POST "/places/1" for 127.0.0.1 at 2018-01-16 22:50:06 +1100
Processing by PlacesController#update as HTML
  Parameters: {"name"=>"Taj Mahal", "location"=>"Delhi", "image"=>"", "description"=>"Taj Mahal is a picturesque monument built in the indo-Persian architecture of the Mughals. It is an epitome of the sacred love and the strong bond of affection between the emperor and his wife.", "rating"=>"8.0", "id"=>"1"}
  [1m[36mPlace Load (0.1ms)[0m  [1m[34mSELECT  "places".* FROM "places" WHERE "places"."id" = ? LIMIT ?[0m  [["id", 1], ["LIMIT", 1]]
  [1m[35m (0.0ms)[0m  [1m[36mbegin transaction[0m
  [1m[35mSQL (0.6ms)[0m  [1m[33mUPDATE "places" SET "image" = ?, "rating" = ?, "updated_at" = ? WHERE "places"."id" = ?[0m  [["image", ""], ["rating", 8.0], ["updated_at", "2018-01-16 11:50:06.968549"], ["id", 1]]
  [1m[35m (1.0ms)[0m  [1m[36mcommit transaction[0m
Redirected to http://localhost:3000/places/1
Completed 302 Found in 6ms (ActiveRecord: 1.7ms)


Started GET "/places/1" for 127.0.0.1 at 2018-01-16 22:50:06 +1100
Processing by PlacesController#show as HTML
  Parameters: {"id"=>"1"}
  [1m[36mPlace Load (0.1ms)[0m  [1m[34mSELECT  "places".* FROM "places" WHERE "places"."id" = ? LIMIT ?[0m  [["id", 1], ["LIMIT", 1]]
  Rendering places/show.html.erb within layouts/application
  Rendered places/show.html.erb within layouts/application (9.0ms)
Completed 200 OK in 53ms (Views: 49.5ms | ActiveRecord: 0.1ms)


Started GET "/places/1/edit" for 127.0.0.1 at 2018-01-16 22:50:13 +1100
Processing by PlacesController#edit as HTML
  Parameters: {"id"=>"1"}
  [1m[36mPlace Load (0.2ms)[0m  [1m[34mSELECT  "places".* FROM "places" WHERE "places"."id" = ? LIMIT ?[0m  [["id", 1], ["LIMIT", 1]]
  Rendering places/edit.html.erb within layouts/application
  Rendered places/edit.html.erb within layouts/application (1.1ms)
Completed 200 OK in 42ms (Views: 34.8ms | ActiveRecord: 0.2ms)


Started POST "/places/1" for 127.0.0.1 at 2018-01-16 22:50:23 +1100
Processing by PlacesController#update as HTML
  Parameters: {"name"=>"Taj Mahal", "location"=>"Delhi", "image"=>"", "description"=>"Taj Mahal is a picturesque monument built in the indo-Persian architecture of the Mughals. It is an epitome of the sacred love and the strong bond of affection between the emperor and his wife.", "rating"=>"10.0", "id"=>"1"}
  [1m[36mPlace Load (0.3ms)[0m  [1m[34mSELECT  "places".* FROM "places" WHERE "places"."id" = ? LIMIT ?[0m  [["id", 1], ["LIMIT", 1]]
  [1m[35m (0.1ms)[0m  [1m[36mbegin transaction[0m
  [1m[35mSQL (0.4ms)[0m  [1m[33mUPDATE "places" SET "rating" = ?, "updated_at" = ? WHERE "places"."id" = ?[0m  [["rating", 10.0], ["updated_at", "2018-01-16 11:50:23.688690"], ["id", 1]]
  [1m[35m (0.9ms)[0m  [1m[36mcommit transaction[0m
Redirected to http://localhost:3000/places/1
Completed 302 Found in 6ms (ActiveRecord: 1.6ms)


Started GET "/places/1" for 127.0.0.1 at 2018-01-16 22:50:23 +1100
Processing by PlacesController#show as HTML
  Parameters: {"id"=>"1"}
  [1m[36mPlace Load (0.7ms)[0m  [1m[34mSELECT  "places".* FROM "places" WHERE "places"."id" = ? LIMIT ?[0m  [["id", 1], ["LIMIT", 1]]
  Rendering places/show.html.erb within layouts/application
  Rendered places/show.html.erb within layouts/application (0.8ms)
Completed 200 OK in 46ms (Views: 37.5ms | ActiveRecord: 0.7ms)


Started GET "/places/1" for 127.0.0.1 at 2018-01-16 22:50:26 +1100
Processing by PlacesController#show as HTML
  Parameters: {"id"=>"1"}
  [1m[36mPlace Load (0.1ms)[0m  [1m[34mSELECT  "places".* FROM "places" WHERE "places"."id" = ? LIMIT ?[0m  [["id", 1], ["LIMIT", 1]]
  Rendering places/show.html.erb within layouts/application
  Rendered places/show.html.erb within layouts/application (1.4ms)
Completed 200 OK in 34ms (Views: 28.5ms | ActiveRecord: 0.1ms)


Started GET "/places/1" for 127.0.0.1 at 2018-01-16 22:50:28 +1100
Processing by PlacesController#show as HTML
  Parameters: {"id"=>"1"}
  [1m[36mPlace Load (0.2ms)[0m  [1m[34mSELECT  "places".* FROM "places" WHERE "places"."id" = ? LIMIT ?[0m  [["id", 1], ["LIMIT", 1]]
  Rendering places/show.html.erb within layouts/application
  Rendered places/show.html.erb within layouts/application (0.8ms)
Completed 200 OK in 40ms (Views: 34.2ms | ActiveRecord: 0.2ms)


Started GET "/" for 127.0.0.1 at 2018-01-16 22:50:28 +1100
Processing by PlacesController#index as HTML
  Rendering places/index.html.erb within layouts/application
  [1m[36mPlace Load (0.6ms)[0m  [1m[34mSELECT "places".* FROM "places"[0m
  Rendered places/index.html.erb within layouts/application (3.2ms)
Completed 200 OK in 41ms (Views: 36.0ms | ActiveRecord: 0.6ms)


Started GET "/places/2" for 127.0.0.1 at 2018-01-16 22:50:39 +1100
Processing by PlacesController#show as HTML
  Parameters: {"id"=>"2"}
  [1m[36mPlace Load (0.1ms)[0m  [1m[34mSELECT  "places".* FROM "places" WHERE "places"."id" = ? LIMIT ?[0m  [["id", 2], ["LIMIT", 1]]
  Rendering places/show.html.erb within layouts/application
  Rendered places/show.html.erb within layouts/application (4.9ms)
Completed 200 OK in 60ms (Views: 53.6ms | ActiveRecord: 0.1ms)


Started GET "/places/1" for 127.0.0.1 at 2018-01-16 22:51:28 +1100
Processing by PlacesController#show as HTML
  Parameters: {"id"=>"1"}
  [1m[36mPlace Load (0.3ms)[0m  [1m[34mSELECT  "places".* FROM "places" WHERE "places"."id" = ? LIMIT ?[0m  [["id", 1], ["LIMIT", 1]]
  Rendering places/show.html.erb within layouts/application
  Rendered places/show.html.erb within layouts/application (1.4ms)
Completed 200 OK in 34ms (Views: 27.1ms | ActiveRecord: 0.3ms)


Started GET "/places/4" for 127.0.0.1 at 2018-01-16 22:52:09 +1100
Processing by PlacesController#show as HTML
  Parameters: {"id"=>"4"}
  [1m[36mPlace Load (0.3ms)[0m  [1m[34mSELECT  "places".* FROM "places" WHERE "places"."id" = ? LIMIT ?[0m  [["id", 4], ["LIMIT", 1]]
  Rendering places/show.html.erb within layouts/application
  Rendered places/show.html.erb within layouts/application (1.7ms)
Completed 200 OK in 39ms (Views: 31.3ms | ActiveRecord: 0.3ms)


Started GET "/places/5" for 127.0.0.1 at 2018-01-16 22:52:22 +1100
Processing by PlacesController#show as HTML
  Parameters: {"id"=>"5"}
  [1m[36mPlace Load (0.2ms)[0m  [1m[34mSELECT  "places".* FROM "places" WHERE "places"."id" = ? LIMIT ?[0m  [["id", 5], ["LIMIT", 1]]
  Rendering places/show.html.erb within layouts/application
  Rendered places/show.html.erb within layouts/application (0.8ms)
Completed 200 OK in 32ms (Views: 25.9ms | ActiveRecord: 0.2ms)


Started GET "/places/4" for 127.0.0.1 at 2018-01-16 22:52:36 +1100
Processing by PlacesController#show as HTML
  Parameters: {"id"=>"4"}
  [1m[36mPlace Load (0.2ms)[0m  [1m[34mSELECT  "places".* FROM "places" WHERE "places"."id" = ? LIMIT ?[0m  [["id", 4], ["LIMIT", 1]]
  Rendering places/show.html.erb within layouts/application
  Rendered places/show.html.erb within layouts/application (1.1ms)
Completed 200 OK in 31ms (Views: 24.8ms | ActiveRecord: 0.2ms)


Started GET "/" for 127.0.0.1 at 2018-01-16 22:54:08 +1100
Processing by PlacesController#index as HTML
  Rendering places/index.html.erb within layouts/application
  [1m[36mPlace Load (0.6ms)[0m  [1m[34mSELECT "places".* FROM "places"[0m
  Rendered places/index.html.erb within layouts/application (3.5ms)
Completed 200 OK in 28ms (Views: 24.9ms | ActiveRecord: 0.6ms)


Started GET "/" for 127.0.0.1 at 2018-01-16 22:55:31 +1100
Processing by PlacesController#index as HTML
  Rendering places/index.html.erb within layouts/application
  [1m[36mPlace Load (0.5ms)[0m  [1m[34mSELECT "places".* FROM "places"[0m
  Rendered places/index.html.erb within layouts/application (3.4ms)
Completed 200 OK in 40ms (Views: 35.7ms | ActiveRecord: 0.5ms)


  [1m[35m (0.4ms)[0m  [1m[34mSELECT "schema_migrations"."version" FROM "schema_migrations" ORDER BY "schema_migrations"."version" ASC[0m
  [1m[35m (0.3ms)[0m  [1m[34mSELECT "schema_migrations"."version" FROM "schema_migrations" ORDER BY "schema_migrations"."version" ASC[0m
  [1m[36mPlace Load (0.2ms)[0m  [1m[34mSELECT "places".* FROM "places"[0m
  [1m[35m (0.1ms)[0m  [1m[36mbegin transaction[0m
  [1m[35mSQL (0.4ms)[0m  [1m[31mDELETE FROM "places" WHERE "places"."id" = ?[0m  [["id", 1]]
  [1m[35m (0.8ms)[0m  [1m[36mcommit transaction[0m
  [1m[35m (0.1ms)[0m  [1m[36mbegin transaction[0m
  [1m[35mSQL (0.3ms)[0m  [1m[31mDELETE FROM "places" WHERE "places"."id" = ?[0m  [["id", 2]]
  [1m[35m (0.9ms)[0m  [1m[36mcommit transaction[0m
  [1m[35m (0.1ms)[0m  [1m[36mbegin transaction[0m
  [1m[35mSQL (0.4ms)[0m  [1m[31mDELETE FROM "places" WHERE "places"."id" = ?[0m  [["id", 3]]
  [1m[35m (0.8ms)[0m  [1m[36mcommit transaction[0m
  [1m[35m (0.1ms)[0m  [1m[36mbegin transaction[0m
  [1m[35mSQL (0.4ms)[0m  [1m[31mDELETE FROM "places" WHERE "places"."id" = ?[0m  [["id", 4]]
  [1m[35m (1.0ms)[0m  [1m[36mcommit transaction[0m
  [1m[35m (0.1ms)[0m  [1m[36mbegin transaction[0m
  [1m[35mSQL (0.9ms)[0m  [1m[31mDELETE FROM "places" WHERE "places"."id" = ?[0m  [["id", 5]]
  [1m[35m (1.0ms)[0m  [1m[36mcommit transaction[0m
  [1m[35m (0.1ms)[0m  [1m[36mbegin transaction[0m
  [1m[35mSQL (0.6ms)[0m  [1m[32mINSERT INTO "places" ("name", "location", "description", "rating", "created_at", "updated_at") VALUES (?, ?, ?, ?, ?, ?)[0m  [["name", "Taj Mahal"], ["location", "Delhi"], ["description", "Taj Mahal is a picturesque monument built in the indo-Persian architecture of the Mughals. It is an epitome of the sacred love and the strong bond of affection between the emperor and his wife."], ["rating", 10.0], ["created_at", "2018-01-16 12:03:16.049189"], ["updated_at", "2018-01-16 12:03:16.049189"]]
  [1m[35m (0.7ms)[0m  [1m[36mcommit transaction[0m
  [1m[35m (0.1ms)[0m  [1m[36mbegin transaction[0m
  [1m[35mSQL (0.4ms)[0m  [1m[32mINSERT INTO "places" ("name", "location", "description", "rating", "created_at", "updated_at") VALUES (?, ?, ?, ?, ?, ?)[0m  [["name", "Udaipur Palace"], ["location", "Udaipur"], ["description", " Located on the banks of Lake Pichola is the great City Palace built in a flamboyant style by the Rajasthani and Mughal emperors."], ["rating", 10.0], ["created_at", "2018-01-16 12:03:16.053049"], ["updated_at", "2018-01-16 12:03:16.053049"]]
  [1m[35m (0.9ms)[0m  [1m[36mcommit transaction[0m
  [1m[35m (0.1ms)[0m  [1m[36mbegin transaction[0m
  [1m[35mSQL (0.4ms)[0m  [1m[32mINSERT INTO "places" ("name", "location", "description", "rating", "created_at", "updated_at") VALUES (?, ?, ?, ?, ?, ?)[0m  [["name", "Kerala Backwaters"], ["location", "Kerala"], ["description", "Parallel to the Arabian Sea lie a chain of brackish lagoons and lakes which constitute the Kerala backwaters. The Kerala backwaters consist of a series of interconnected canals, lakes and rivers forming a maze-like system covering 900 kms of waterways."], ["rating", 10.0], ["created_at", "2018-01-16 12:03:16.058507"], ["updated_at", "2018-01-16 12:03:16.058507"]]
  [1m[35m (0.9ms)[0m  [1m[36mcommit transaction[0m
  [1m[35m (0.1ms)[0m  [1m[36mbegin transaction[0m
  [1m[35mSQL (0.5ms)[0m  [1m[32mINSERT INTO "places" ("name", "location", "description", "rating", "created_at", "updated_at") VALUES (?, ?, ?, ?, ?, ?)[0m  [["name", "Leh Ladak"], ["location", "Jammu & Kashmir"], ["description", " It is one of the most sparsely populated regions in Jammu and Kashmir and its culture and history are closely related to that of Tibet. Ladakh is renowned for its remote mountain beauty and culture."], ["rating", 10.0], ["created_at", "2018-01-16 12:03:16.061919"], ["updated_at", "2018-01-16 12:03:16.061919"]]
  [1m[35m (1.0ms)[0m  [1m[36mcommit transaction[0m
  [1m[35m (0.2ms)[0m  [1m[36mbegin transaction[0m
  [1m[35mSQL (1.0ms)[0m  [1m[32mINSERT INTO "places" ("name", "location", "description", "rating", "created_at", "updated_at") VALUES (?, ?, ?, ?, ?, ?)[0m  [["name", "Ajanta Caves"], ["location", "Maharashtra"], ["description", "The Ajanta Caves are about 29 rock-cut Buddhist cave monuments which date from the 2nd century BCE to about 480 CE in Aurangabad district of Maharashtra state of India."], ["rating", 10.0], ["created_at", "2018-01-16 12:03:16.067107"], ["updated_at", "2018-01-16 12:03:16.067107"]]
  [1m[35m (1.0ms)[0m  [1m[36mcommit transaction[0m
  [1m[36mPlace Load (0.3ms)[0m  [1m[34mSELECT "places".* FROM "places"[0m
  [1m[35m (0.2ms)[0m  [1m[34mSELECT "places"."name" FROM "places"[0m
Started GET "/" for 127.0.0.1 at 2018-01-16 23:05:14 +1100
Processing by PlacesController#index as HTML
  Rendering places/index.html.erb within layouts/application
  [1m[36mPlace Load (0.3ms)[0m  [1m[34mSELECT "places".* FROM "places"[0m
  Rendered places/index.html.erb within layouts/application (2.8ms)
Completed 200 OK in 33ms (Views: 29.7ms | ActiveRecord: 0.3ms)


Started GET "/" for 127.0.0.1 at 2018-01-16 23:06:21 +1100
Processing by PlacesController#index as HTML
  Rendering places/index.html.erb within layouts/application
  [1m[36mPlace Load (0.2ms)[0m  [1m[34mSELECT "places".* FROM "places"[0m
  Rendered places/index.html.erb within layouts/application (1.9ms)
Completed 200 OK in 42ms (Views: 38.8ms | ActiveRecord: 0.2ms)


Started GET "/" for 127.0.0.1 at 2018-01-16 23:06:37 +1100
Processing by PlacesController#index as HTML
  Rendering places/index.html.erb within layouts/application
  [1m[36mPlace Load (0.2ms)[0m  [1m[34mSELECT "places".* FROM "places"[0m
  Rendered places/index.html.erb within layouts/application (2.2ms)
Completed 200 OK in 40ms (Views: 36.7ms | ActiveRecord: 0.2ms)


Started GET "/" for 127.0.0.1 at 2018-01-16 23:07:14 +1100
Processing by PlacesController#index as HTML
  Rendering places/index.html.erb within layouts/application
  [1m[36mPlace Load (0.2ms)[0m  [1m[34mSELECT "places".* FROM "places"[0m
  Rendered places/index.html.erb within layouts/application (3.4ms)
Completed 200 OK in 51ms (Views: 46.6ms | ActiveRecord: 0.2ms)


Started GET "/" for 127.0.0.1 at 2018-01-16 23:07:23 +1100
Processing by PlacesController#index as HTML
  Rendering places/index.html.erb within layouts/application
  [1m[36mPlace Load (0.8ms)[0m  [1m[34mSELECT "places".* FROM "places"[0m
  Rendered places/index.html.erb within layouts/application (3.4ms)
Completed 200 OK in 40ms (Views: 35.4ms | ActiveRecord: 0.8ms)


Started GET "/" for 127.0.0.1 at 2018-01-16 23:07:24 +1100
Processing by PlacesController#index as HTML
  Rendering places/index.html.erb within layouts/application
  [1m[36mPlace Load (0.6ms)[0m  [1m[34mSELECT "places".* FROM "places"[0m
  Rendered places/index.html.erb within layouts/application (2.3ms)
Completed 200 OK in 39ms (Views: 35.5ms | ActiveRecord: 0.6ms)


Started GET "/" for 127.0.0.1 at 2018-01-16 23:07:31 +1100
Processing by PlacesController#index as HTML
  Rendering places/index.html.erb within layouts/application
  [1m[36mPlace Load (0.2ms)[0m  [1m[34mSELECT "places".* FROM "places"[0m
  Rendered places/index.html.erb within layouts/application (1.8ms)
Completed 200 OK in 26ms (Views: 23.3ms | ActiveRecord: 0.2ms)


Started GET "/" for 127.0.0.1 at 2018-01-16 23:09:21 +1100
Processing by PlacesController#index as HTML
  Rendering places/index.html.erb within layouts/application
  [1m[36mPlace Load (0.2ms)[0m  [1m[34mSELECT "places".* FROM "places"[0m
  Rendered places/index.html.erb within layouts/application (1.8ms)
Completed 200 OK in 26ms (Views: 23.6ms | ActiveRecord: 0.2ms)


Started GET "/" for 127.0.0.1 at 2018-01-16 23:09:39 +1100
Processing by PlacesController#index as HTML
  Rendering places/index.html.erb within layouts/application
  [1m[36mPlace Load (0.2ms)[0m  [1m[34mSELECT "places".* FROM "places"[0m
  Rendered places/index.html.erb within layouts/application (2.3ms)
Completed 200 OK in 37ms (Views: 34.0ms | ActiveRecord: 0.2ms)


Started GET "/" for 127.0.0.1 at 2018-01-16 23:09:49 +1100
Processing by PlacesController#index as HTML
  Rendering places/index.html.erb within layouts/application
  [1m[36mPlace Load (0.2ms)[0m  [1m[34mSELECT "places".* FROM "places"[0m
  Rendered places/index.html.erb within layouts/application (2.0ms)
Completed 200 OK in 38ms (Views: 34.2ms | ActiveRecord: 0.2ms)


Started GET "/" for 127.0.0.1 at 2018-01-16 23:09:58 +1100
Processing by PlacesController#index as HTML
  Rendering places/index.html.erb within layouts/application
  [1m[36mPlace Load (0.2ms)[0m  [1m[34mSELECT "places".* FROM "places"[0m
  Rendered places/index.html.erb within layouts/application (2.0ms)
Completed 200 OK in 39ms (Views: 36.5ms | ActiveRecord: 0.2ms)


Started GET "/" for 127.0.0.1 at 2018-01-16 23:12:30 +1100
Processing by PlacesController#index as HTML
  Rendering places/index.html.erb within layouts/application
  [1m[36mPlace Load (0.2ms)[0m  [1m[34mSELECT "places".* FROM "places"[0m
  Rendered places/index.html.erb within layouts/application (1.5ms)
Completed 200 OK in 22ms (Views: 19.2ms | ActiveRecord: 0.2ms)


Started GET "/" for 127.0.0.1 at 2018-01-16 23:12:44 +1100
Processing by PlacesController#index as HTML
  Rendering places/index.html.erb within layouts/application
  [1m[36mPlace Load (0.2ms)[0m  [1m[34mSELECT "places".* FROM "places"[0m
  Rendered places/index.html.erb within layouts/application (2.0ms)
Completed 200 OK in 28ms (Views: 23.9ms | ActiveRecord: 0.2ms)


Started GET "/" for 127.0.0.1 at 2018-01-16 23:12:53 +1100
Processing by PlacesController#index as HTML
  Rendering places/index.html.erb within layouts/application
  [1m[36mPlace Load (0.2ms)[0m  [1m[34mSELECT "places".* FROM "places"[0m
  Rendered places/index.html.erb within layouts/application (2.4ms)
Completed 200 OK in 30ms (Views: 27.2ms | ActiveRecord: 0.2ms)


Started GET "/" for 127.0.0.1 at 2018-01-16 23:13:23 +1100
Processing by PlacesController#index as HTML
  Rendering places/index.html.erb within layouts/application
  [1m[36mPlace Load (0.2ms)[0m  [1m[34mSELECT "places".* FROM "places"[0m
  Rendered places/index.html.erb within layouts/application (1.4ms)
Completed 200 OK in 21ms (Views: 17.8ms | ActiveRecord: 0.2ms)


Started GET "/" for 127.0.0.1 at 2018-01-16 23:14:05 +1100
Processing by PlacesController#index as HTML
  Rendering places/index.html.erb within layouts/application
  [1m[36mPlace Load (0.2ms)[0m  [1m[34mSELECT "places".* FROM "places"[0m
  Rendered places/index.html.erb within layouts/application (2.9ms)
Completed 200 OK in 23ms (Views: 20.0ms | ActiveRecord: 0.2ms)


Started GET "/" for 127.0.0.1 at 2018-01-16 23:14:11 +1100
Processing by PlacesController#index as HTML
  Rendering places/index.html.erb within layouts/application
  [1m[36mPlace Load (0.2ms)[0m  [1m[34mSELECT "places".* FROM "places"[0m
  Rendered places/index.html.erb within layouts/application (2.5ms)
Completed 200 OK in 26ms (Views: 23.1ms | ActiveRecord: 0.2ms)


Started GET "/" for 127.0.0.1 at 2018-01-16 23:14:55 +1100
Processing by PlacesController#index as HTML
  Rendering places/index.html.erb within layouts/application
  [1m[36mPlace Load (0.2ms)[0m  [1m[34mSELECT "places".* FROM "places"[0m
  Rendered places/index.html.erb within layouts/application (1.5ms)
Completed 200 OK in 26ms (Views: 22.8ms | ActiveRecord: 0.2ms)


Started GET "/" for 127.0.0.1 at 2018-01-16 23:16:06 +1100
Processing by PlacesController#index as HTML
  Rendering places/index.html.erb within layouts/application
  [1m[36mPlace Load (0.3ms)[0m  [1m[34mSELECT "places".* FROM "places"[0m
  Rendered places/index.html.erb within layouts/application (3.2ms)
Completed 200 OK in 46ms (Views: 41.1ms | ActiveRecord: 0.3ms)


Started GET "/" for 127.0.0.1 at 2018-01-16 23:17:06 +1100
Processing by PlacesController#index as HTML
  Rendering places/index.html.erb within layouts/application
  [1m[36mPlace Load (0.2ms)[0m  [1m[34mSELECT "places".* FROM "places"[0m
  Rendered places/index.html.erb within layouts/application (1.6ms)
Completed 200 OK in 25ms (Views: 22.3ms | ActiveRecord: 0.2ms)


Started GET "/" for 127.0.0.1 at 2018-01-16 23:20:57 +1100
Processing by PlacesController#index as HTML
  Rendering places/index.html.erb within layouts/application
  [1m[36mPlace Load (0.2ms)[0m  [1m[34mSELECT "places".* FROM "places"[0m
  Rendered places/index.html.erb within layouts/application (1.8ms)
Completed 200 OK in 49ms (Views: 45.8ms | ActiveRecord: 0.2ms)


Started GET "/" for 127.0.0.1 at 2018-01-16 23:21:14 +1100
Processing by PlacesController#index as HTML
  Rendering places/index.html.erb within layouts/application
  [1m[36mPlace Load (0.2ms)[0m  [1m[34mSELECT "places".* FROM "places"[0m
  Rendered places/index.html.erb within layouts/application (1.6ms)
Completed 200 OK in 23ms (Views: 20.6ms | ActiveRecord: 0.2ms)


Started GET "/places/6" for 127.0.0.1 at 2018-01-16 23:21:25 +1100
Processing by PlacesController#show as HTML
  Parameters: {"id"=>"6"}
  [1m[36mPlace Load (0.2ms)[0m  [1m[34mSELECT  "places".* FROM "places" WHERE "places"."id" = ? LIMIT ?[0m  [["id", 6], ["LIMIT", 1]]
  Rendering places/show.html.erb within layouts/application
  Rendered places/show.html.erb within layouts/application (1.3ms)
Completed 200 OK in 31ms (Views: 24.9ms | ActiveRecord: 0.2ms)


Started GET "/places/6/edit" for 127.0.0.1 at 2018-01-16 23:21:42 +1100
Processing by PlacesController#edit as HTML
  Parameters: {"id"=>"6"}
  [1m[36mPlace Load (0.2ms)[0m  [1m[34mSELECT  "places".* FROM "places" WHERE "places"."id" = ? LIMIT ?[0m  [["id", 6], ["LIMIT", 1]]
  Rendering places/edit.html.erb within layouts/application
  Rendered places/edit.html.erb within layouts/application (0.7ms)
Completed 200 OK in 29ms (Views: 23.2ms | ActiveRecord: 0.2ms)


Started GET "/" for 127.0.0.1 at 2018-01-16 23:25:16 +1100
Processing by PlacesController#index as HTML
  Rendering places/index.html.erb within layouts/application
  [1m[36mPlace Load (0.2ms)[0m  [1m[34mSELECT "places".* FROM "places"[0m
  Rendered places/index.html.erb within layouts/application (1.5ms)
Completed 200 OK in 27ms (Views: 23.9ms | ActiveRecord: 0.2ms)


Started GET "/places/7" for 127.0.0.1 at 2018-01-16 23:25:20 +1100
Processing by PlacesController#show as HTML
  Parameters: {"id"=>"7"}
  [1m[36mPlace Load (0.1ms)[0m  [1m[34mSELECT  "places".* FROM "places" WHERE "places"."id" = ? LIMIT ?[0m  [["id", 7], ["LIMIT", 1]]
  Rendering places/show.html.erb within layouts/application
  Rendered places/show.html.erb within layouts/application (0.9ms)
Completed 200 OK in 28ms (Views: 22.7ms | ActiveRecord: 0.1ms)


Started GET "/places/8" for 127.0.0.1 at 2018-01-16 23:25:28 +1100
Processing by PlacesController#show as HTML
  Parameters: {"id"=>"8"}
  [1m[36mPlace Load (0.2ms)[0m  [1m[34mSELECT  "places".* FROM "places" WHERE "places"."id" = ? LIMIT ?[0m  [["id", 8], ["LIMIT", 1]]
  Rendering places/show.html.erb within layouts/application
  Rendered places/show.html.erb within layouts/application (0.9ms)
Completed 200 OK in 29ms (Views: 23.2ms | ActiveRecord: 0.2ms)


  [1m[35m (0.4ms)[0m  [1m[34mSELECT "schema_migrations"."version" FROM "schema_migrations" ORDER BY "schema_migrations"."version" ASC[0m
  [1m[36mPlace Load (0.2ms)[0m  [1m[34mSELECT "places".* FROM "places"[0m
  [1m[35m (0.1ms)[0m  [1m[36mbegin transaction[0m
  [1m[35mSQL (0.9ms)[0m  [1m[31mDELETE FROM "places" WHERE "places"."id" = ?[0m  [["id", 6]]
  [1m[35m (1.1ms)[0m  [1m[36mcommit transaction[0m
  [1m[35m (0.1ms)[0m  [1m[36mbegin transaction[0m
  [1m[35mSQL (0.9ms)[0m  [1m[31mDELETE FROM "places" WHERE "places"."id" = ?[0m  [["id", 7]]
  [1m[35m (1.5ms)[0m  [1m[36mcommit transaction[0m
  [1m[35m (0.1ms)[0m  [1m[36mbegin transaction[0m
  [1m[35mSQL (0.4ms)[0m  [1m[31mDELETE FROM "places" WHERE "places"."id" = ?[0m  [["id", 8]]
  [1m[35m (1.1ms)[0m  [1m[36mcommit transaction[0m
  [1m[35m (0.1ms)[0m  [1m[36mbegin transaction[0m
  [1m[35mSQL (0.6ms)[0m  [1m[31mDELETE FROM "places" WHERE "places"."id" = ?[0m  [["id", 9]]
  [1m[35m (9.7ms)[0m  [1m[36mcommit transaction[0m
  [1m[35m (0.1ms)[0m  [1m[36mbegin transaction[0m
  [1m[35mSQL (0.4ms)[0m  [1m[31mDELETE FROM "places" WHERE "places"."id" = ?[0m  [["id", 10]]
  [1m[35m (0.8ms)[0m  [1m[36mcommit transaction[0m
  [1m[35m (0.1ms)[0m  [1m[36mbegin transaction[0m
  [1m[35mSQL (0.4ms)[0m  [1m[32mINSERT INTO "places" ("name", "location", "image", "description", "rating", "created_at", "updated_at") VALUES (?, ?, ?, ?, ?, ?, ?)[0m  [["name", "Taj Mahal"], ["location", "Delhi"], ["image", "https://s3-ap-southeast-1.amazonaws.com/gounesco.com/wp-content/uploads/2014/05/15053151/Taj-Mahal.jpg"], ["description", "Taj Mahal is a picturesque monument built in the indo-Persian architecture of the Mughals. It is an epitome of the sacred love and the strong bond of affection between the emperor and his wife."], ["rating", 10.0], ["created_at", "2018-01-16 12:28:31.994949"], ["updated_at", "2018-01-16 12:28:31.994949"]]
  [1m[35m (0.8ms)[0m  [1m[36mcommit transaction[0m
  [1m[35m (0.1ms)[0m  [1m[36mbegin transaction[0m
  [1m[35mSQL (0.4ms)[0m  [1m[32mINSERT INTO "places" ("name", "location", "description", "rating", "created_at", "updated_at") VALUES (?, ?, ?, ?, ?, ?)[0m  [["name", "Udaipur Palace"], ["location", "Udaipur"], ["description", " Located on the banks of Lake Pichola is the great City Palace built in a flamboyant style by the Rajasthani and Mughal emperors."], ["rating", 10.0], ["created_at", "2018-01-16 12:28:31.998244"], ["updated_at", "2018-01-16 12:28:31.998244"]]
  [1m[35m (0.8ms)[0m  [1m[36mcommit transaction[0m
  [1m[35m (0.1ms)[0m  [1m[36mbegin transaction[0m
  [1m[35mSQL (0.4ms)[0m  [1m[32mINSERT INTO "places" ("name", "location", "description", "rating", "created_at", "updated_at") VALUES (?, ?, ?, ?, ?, ?)[0m  [["name", "Kerala Backwaters"], ["location", "Kerala"], ["description", "Parallel to the Arabian Sea lie a chain of brackish lagoons and lakes which constitute the Kerala backwaters. The Kerala backwaters consist of a series of interconnected canals, lakes and rivers forming a maze-like system covering 900 kms of waterways."], ["rating", 10.0], ["created_at", "2018-01-16 12:28:32.001085"], ["updated_at", "2018-01-16 12:28:32.001085"]]
  [1m[35m (1.2ms)[0m  [1m[36mcommit transaction[0m
  [1m[35m (0.1ms)[0m  [1m[36mbegin transaction[0m
  [1m[35mSQL (0.4ms)[0m  [1m[32mINSERT INTO "places" ("name", "location", "description", "rating", "created_at", "updated_at") VALUES (?, ?, ?, ?, ?, ?)[0m  [["name", "Leh Ladak"], ["location", "Jammu & Kashmir"], ["description", " It is one of the most sparsely populated regions in Jammu and Kashmir and its culture and history are closely related to that of Tibet. Ladakh is renowned for its remote mountain beauty and culture."], ["rating", 10.0], ["created_at", "2018-01-16 12:28:32.004617"], ["updated_at", "2018-01-16 12:28:32.004617"]]
  [1m[35m (1.0ms)[0m  [1m[36mcommit transaction[0m
  [1m[35m (0.3ms)[0m  [1m[36mbegin transaction[0m
  [1m[35mSQL (0.5ms)[0m  [1m[32mINSERT INTO "places" ("name", "location", "description", "rating", "created_at", "updated_at") VALUES (?, ?, ?, ?, ?, ?)[0m  [["name", "Ajanta Caves"], ["location", "Maharashtra"], ["description", "The Ajanta Caves are about 29 rock-cut Buddhist cave monuments which date from the 2nd century BCE to about 480 CE in Aurangabad district of Maharashtra state of India."], ["rating", 10.0], ["created_at", "2018-01-16 12:28:32.010397"], ["updated_at", "2018-01-16 12:28:32.010397"]]
  [1m[35m (1.0ms)[0m  [1m[36mcommit transaction[0m
  [1m[36mPlace Load (0.4ms)[0m  [1m[34mSELECT "places".* FROM "places"[0m
  [1m[35m (0.3ms)[0m  [1m[34mSELECT "places"."name" FROM "places"[0m
Started GET "/" for 127.0.0.1 at 2018-01-16 23:29:02 +1100
Processing by PlacesController#index as HTML
  Rendering places/index.html.erb within layouts/application
  [1m[36mPlace Load (0.2ms)[0m  [1m[34mSELECT "places".* FROM "places"[0m
  Rendered places/index.html.erb within layouts/application (18.9ms)
Completed 200 OK in 129ms (Views: 102.9ms | ActiveRecord: 1.3ms)


Started GET "/places/11" for 127.0.0.1 at 2018-01-16 23:29:07 +1100
Processing by PlacesController#show as HTML
  Parameters: {"id"=>"11"}
  [1m[36mPlace Load (0.3ms)[0m  [1m[34mSELECT  "places".* FROM "places" WHERE "places"."id" = ? LIMIT ?[0m  [["id", 11], ["LIMIT", 1]]
  Rendering places/show.html.erb within layouts/application
  Rendered places/show.html.erb within layouts/application (0.8ms)
Completed 200 OK in 34ms (Views: 24.5ms | ActiveRecord: 0.3ms)


Started GET "/places/11" for 127.0.0.1 at 2018-01-16 23:29:59 +1100
Processing by PlacesController#show as HTML
  Parameters: {"id"=>"11"}
  [1m[36mPlace Load (0.2ms)[0m  [1m[34mSELECT  "places".* FROM "places" WHERE "places"."id" = ? LIMIT ?[0m  [["id", 11], ["LIMIT", 1]]
  Rendering places/show.html.erb within layouts/application
  Rendered places/show.html.erb within layouts/application (0.7ms)
Completed 200 OK in 31ms (Views: 27.7ms | ActiveRecord: 0.2ms)


Started GET "/places/11" for 127.0.0.1 at 2018-01-16 23:30:56 +1100
Processing by PlacesController#show as HTML
  Parameters: {"id"=>"11"}
  [1m[36mPlace Load (0.1ms)[0m  [1m[34mSELECT  "places".* FROM "places" WHERE "places"."id" = ? LIMIT ?[0m  [["id", 11], ["LIMIT", 1]]
  Rendering places/show.html.erb within layouts/application
  Rendered places/show.html.erb within layouts/application (0.6ms)
Completed 200 OK in 54ms (Views: 51.1ms | ActiveRecord: 0.1ms)


  [1m[35m (0.4ms)[0m  [1m[34mSELECT "schema_migrations"."version" FROM "schema_migrations" ORDER BY "schema_migrations"."version" ASC[0m
  [1m[36mPlace Load (0.2ms)[0m  [1m[34mSELECT "places".* FROM "places"[0m
  [1m[35m (0.1ms)[0m  [1m[36mbegin transaction[0m
  [1m[35mSQL (0.4ms)[0m  [1m[31mDELETE FROM "places" WHERE "places"."id" = ?[0m  [["id", 11]]
  [1m[35m (0.8ms)[0m  [1m[36mcommit transaction[0m
  [1m[35m (0.1ms)[0m  [1m[36mbegin transaction[0m
  [1m[35mSQL (0.4ms)[0m  [1m[31mDELETE FROM "places" WHERE "places"."id" = ?[0m  [["id", 12]]
  [1m[35m (1.0ms)[0m  [1m[36mcommit transaction[0m
  [1m[35m (0.1ms)[0m  [1m[36mbegin transaction[0m
  [1m[35mSQL (0.6ms)[0m  [1m[31mDELETE FROM "places" WHERE "places"."id" = ?[0m  [["id", 13]]
  [1m[35m (1.2ms)[0m  [1m[36mcommit transaction[0m
  [1m[35m (0.2ms)[0m  [1m[36mbegin transaction[0m
  [1m[35mSQL (0.5ms)[0m  [1m[31mDELETE FROM "places" WHERE "places"."id" = ?[0m  [["id", 14]]
  [1m[35m (2.2ms)[0m  [1m[36mcommit transaction[0m
  [1m[35m (0.1ms)[0m  [1m[36mbegin transaction[0m
  [1m[35mSQL (0.6ms)[0m  [1m[31mDELETE FROM "places" WHERE "places"."id" = ?[0m  [["id", 15]]
  [1m[35m (4.8ms)[0m  [1m[36mcommit transaction[0m
  [1m[35m (0.1ms)[0m  [1m[36mbegin transaction[0m
  [1m[35mSQL (0.7ms)[0m  [1m[32mINSERT INTO "places" ("name", "location", "image", "description", "rating", "created_at", "updated_at") VALUES (?, ?, ?, ?, ?, ?, ?)[0m  [["name", "Taj Mahal"], ["location", "Delhi"], ["image", "https://s3-ap-southeast-1.amazonaws.com/gounesco.com/wp-content/uploads/2014/05/15053151/Taj-Mahal.jpg"], ["description", "Taj Mahal is a picturesque monument built in the indo-Persian architecture of the Mughals. It is an epitome of the sacred love and the strong bond of affection between the emperor and his wife."], ["rating", 10.0], ["created_at", "2018-01-16 12:36:20.384261"], ["updated_at", "2018-01-16 12:36:20.384261"]]
  [1m[35m (1.3ms)[0m  [1m[36mcommit transaction[0m
  [1m[35m (0.1ms)[0m  [1m[36mbegin transaction[0m
  [1m[35mSQL (1.1ms)[0m  [1m[32mINSERT INTO "places" ("name", "location", "image", "description", "rating", "created_at", "updated_at") VALUES (?, ?, ?, ?, ?, ?, ?)[0m  [["name", "Udaipur Palace"], ["location", "Udaipur"], ["image", "https://dontgetserious.com/wp-content/uploads/2017/08/4f226eea24c192c66b63e78ce69aab031476259048.jpg"], ["description", " Located on the banks of Lake Pichola is the great City Palace built in a flamboyant style by the Rajasthani and Mughal emperors."], ["rating", 10.0], ["created_at", "2018-01-16 12:36:20.392957"], ["updated_at", "2018-01-16 12:36:20.392957"]]
  [1m[35m (0.9ms)[0m  [1m[36mcommit transaction[0m
  [1m[35m (0.1ms)[0m  [1m[36mbegin transaction[0m
  [1m[35mSQL (0.7ms)[0m  [1m[32mINSERT INTO "places" ("name", "location", "image", "description", "rating", "created_at", "updated_at") VALUES (?, ?, ?, ?, ?, ?, ?)[0m  [["name", "Kerala Backwaters"], ["location", "Kerala"], ["image", "http://paradise-kerala.com/blog/wp-content/uploads/2014/09/houseboats-kerala-backwaters.jpg"], ["description", "Parallel to the Arabian Sea lie a chain of brackish lagoons and lakes which constitute the Kerala backwaters. The Kerala backwaters consist of a series of interconnected canals, lakes and rivers forming a maze-like system covering 900 kms of waterways."], ["rating", 10.0], ["created_at", "2018-01-16 12:36:20.399553"], ["updated_at", "2018-01-16 12:36:20.399553"]]
  [1m[35m (1.2ms)[0m  [1m[36mcommit transaction[0m
  [1m[35m (0.1ms)[0m  [1m[36mbegin transaction[0m
  [1m[35mSQL (0.6ms)[0m  [1m[32mINSERT INTO "places" ("name", "location", "image", "description", "rating", "created_at", "updated_at") VALUES (?, ?, ?, ?, ?, ?, ?)[0m  [["name", "Leh Ladak"], ["location", "Jammu & Kashmir"], ["image", "https://guardianholidays.in/wp-content/uploads/2017/04/GH-Leh-ladakh-21st-April-01.jpg"], ["description", " It is one of the most sparsely populated regions in Jammu and Kashmir and its culture and history are closely related to that of Tibet. Ladakh is renowned for its remote mountain beauty and culture."], ["rating", 10.0], ["created_at", "2018-01-16 12:36:20.404536"], ["updated_at", "2018-01-16 12:36:20.404536"]]
  [1m[35m (2.2ms)[0m  [1m[36mcommit transaction[0m
  [1m[35m (0.1ms)[0m  [1m[36mbegin transaction[0m
  [1m[35mSQL (0.5ms)[0m  [1m[32mINSERT INTO "places" ("name", "location", "image", "description", "rating", "created_at", "updated_at") VALUES (?, ?, ?, ?, ?, ?, ?)[0m  [["name", "Ajanta Caves"], ["location", "Maharashtra"], ["image", "http://images.indianexpress.com/2016/02/ajanta-caves759.jpg"], ["description", "The Ajanta Caves are about 29 rock-cut Buddhist cave monuments which date from the 2nd century BCE to about 480 CE in Aurangabad district of Maharashtra state of India."], ["rating", 10.0], ["created_at", "2018-01-16 12:36:20.409805"], ["updated_at", "2018-01-16 12:36:20.409805"]]
  [1m[35m (5.8ms)[0m  [1m[36mcommit transaction[0m
  [1m[36mPlace Load (0.2ms)[0m  [1m[34mSELECT "places".* FROM "places"[0m
  [1m[35m (0.2ms)[0m  [1m[34mSELECT "places"."name" FROM "places"[0m
Started GET "/places/11" for 127.0.0.1 at 2018-01-16 23:36:26 +1100
Processing by PlacesController#show as HTML
  Parameters: {"id"=>"11"}
  [1m[36mPlace Load (0.1ms)[0m  [1m[34mSELECT  "places".* FROM "places" WHERE "places"."id" = ? LIMIT ?[0m  [["id", 11], ["LIMIT", 1]]
Completed 404 Not Found in 1ms (ActiveRecord: 0.1ms)


  
ActiveRecord::RecordNotFound (Couldn't find Place with 'id'=11):
  
app/controllers/places_controller.rb:36:in `show'
Started GET "/" for 127.0.0.1 at 2018-01-16 23:37:54 +1100
  [1m[35m (0.2ms)[0m  [1m[34mSELECT "schema_migrations"."version" FROM "schema_migrations" ORDER BY "schema_migrations"."version" ASC[0m
Processing by PlacesController#index as HTML
  Rendering places/index.html.erb within layouts/application
  [1m[36mPlace Load (0.3ms)[0m  [1m[34mSELECT "places".* FROM "places"[0m
  Rendered places/index.html.erb within layouts/application (13.1ms)
Completed 200 OK in 226ms (Views: 204.6ms | ActiveRecord: 1.1ms)


Started GET "/places/16" for 127.0.0.1 at 2018-01-16 23:37:56 +1100
Processing by PlacesController#show as HTML
  Parameters: {"id"=>"16"}
  [1m[36mPlace Load (0.2ms)[0m  [1m[34mSELECT  "places".* FROM "places" WHERE "places"."id" = ? LIMIT ?[0m  [["id", 16], ["LIMIT", 1]]
  Rendering places/show.html.erb within layouts/application
  Rendered places/show.html.erb within layouts/application (0.9ms)
Completed 200 OK in 41ms (Views: 30.3ms | ActiveRecord: 0.5ms)


Started GET "/places/17" for 127.0.0.1 at 2018-01-16 23:38:01 +1100
Processing by PlacesController#show as HTML
  Parameters: {"id"=>"17"}
  [1m[36mPlace Load (0.2ms)[0m  [1m[34mSELECT  "places".* FROM "places" WHERE "places"."id" = ? LIMIT ?[0m  [["id", 17], ["LIMIT", 1]]
  Rendering places/show.html.erb within layouts/application
  Rendered places/show.html.erb within layouts/application (1.3ms)
Completed 200 OK in 33ms (Views: 27.9ms | ActiveRecord: 0.2ms)


Started GET "/places/18" for 127.0.0.1 at 2018-01-16 23:38:06 +1100
Processing by PlacesController#show as HTML
  Parameters: {"id"=>"18"}
  [1m[36mPlace Load (0.2ms)[0m  [1m[34mSELECT  "places".* FROM "places" WHERE "places"."id" = ? LIMIT ?[0m  [["id", 18], ["LIMIT", 1]]
  Rendering places/show.html.erb within layouts/application
  Rendered places/show.html.erb within layouts/application (1.0ms)
Completed 200 OK in 34ms (Views: 28.0ms | ActiveRecord: 0.2ms)


Started GET "/places/19" for 127.0.0.1 at 2018-01-16 23:38:13 +1100
Processing by PlacesController#show as HTML
  Parameters: {"id"=>"19"}
  [1m[36mPlace Load (0.1ms)[0m  [1m[34mSELECT  "places".* FROM "places" WHERE "places"."id" = ? LIMIT ?[0m  [["id", 19], ["LIMIT", 1]]
  Rendering places/show.html.erb within layouts/application
  Rendered places/show.html.erb within layouts/application (1.1ms)
Completed 200 OK in 35ms (Views: 29.3ms | ActiveRecord: 0.1ms)


Started GET "/places/20" for 127.0.0.1 at 2018-01-16 23:38:18 +1100
Processing by PlacesController#show as HTML
  Parameters: {"id"=>"20"}
  [1m[36mPlace Load (0.2ms)[0m  [1m[34mSELECT  "places".* FROM "places" WHERE "places"."id" = ? LIMIT ?[0m  [["id", 20], ["LIMIT", 1]]
  Rendering places/show.html.erb within layouts/application
  Rendered places/show.html.erb within layouts/application (1.2ms)
Completed 200 OK in 34ms (Views: 28.8ms | ActiveRecord: 0.2ms)


Started GET "/" for 127.0.0.1 at 2018-01-16 23:38:37 +1100
Processing by PlacesController#index as HTML
  Rendering places/index.html.erb within layouts/application
  [1m[36mPlace Load (0.2ms)[0m  [1m[34mSELECT "places".* FROM "places"[0m
  Rendered places/index.html.erb within layouts/application (2.1ms)
Completed 200 OK in 32ms (Views: 28.4ms | ActiveRecord: 0.2ms)


Started GET "/places/16" for 127.0.0.1 at 2018-01-16 23:38:38 +1100
Processing by PlacesController#show as HTML
  Parameters: {"id"=>"16"}
  [1m[36mPlace Load (0.1ms)[0m  [1m[34mSELECT  "places".* FROM "places" WHERE "places"."id" = ? LIMIT ?[0m  [["id", 16], ["LIMIT", 1]]
  Rendering places/show.html.erb within layouts/application
  Rendered places/show.html.erb within layouts/application (1.7ms)
Completed 200 OK in 37ms (Views: 31.7ms | ActiveRecord: 0.1ms)


Started GET "/" for 127.0.0.1 at 2018-01-16 23:39:09 +1100
Processing by PlacesController#index as HTML
  Rendering places/index.html.erb within layouts/application
  [1m[36mPlace Load (0.2ms)[0m  [1m[34mSELECT "places".* FROM "places"[0m
  Rendered places/index.html.erb within layouts/application (1.8ms)
Completed 200 OK in 41ms (Views: 38.3ms | ActiveRecord: 0.2ms)


Started GET "/" for 127.0.0.1 at 2018-01-16 23:40:21 +1100
Processing by PlacesController#index as HTML
  Rendering places/index.html.erb within layouts/application
  [1m[36mPlace Load (0.3ms)[0m  [1m[34mSELECT "places".* FROM "places"[0m
  Rendered places/index.html.erb within layouts/application (4.5ms)
Completed 200 OK in 55ms (Views: 52.5ms | ActiveRecord: 0.3ms)


Started GET "/" for 127.0.0.1 at 2018-01-16 23:40:50 +1100
Processing by PlacesController#index as HTML
  Rendering places/index.html.erb within layouts/application
  [1m[36mPlace Load (0.2ms)[0m  [1m[34mSELECT "places".* FROM "places"[0m
  Rendered places/index.html.erb within layouts/application (3.0ms)
Completed 200 OK in 150ms (Views: 146.3ms | ActiveRecord: 0.2ms)


Started GET "/places/17" for 127.0.0.1 at 2018-01-16 23:41:08 +1100
Processing by PlacesController#show as HTML
  Parameters: {"id"=>"17"}
  [1m[36mPlace Load (0.2ms)[0m  [1m[34mSELECT  "places".* FROM "places" WHERE "places"."id" = ? LIMIT ?[0m  [["id", 17], ["LIMIT", 1]]
  Rendering places/show.html.erb within layouts/application
  Rendered places/show.html.erb within layouts/application (1.1ms)
Completed 200 OK in 29ms (Views: 22.2ms | ActiveRecord: 0.2ms)


Started GET "/places/20" for 127.0.0.1 at 2018-01-16 23:41:53 +1100
Processing by PlacesController#show as HTML
  Parameters: {"id"=>"20"}
  [1m[36mPlace Load (0.1ms)[0m  [1m[34mSELECT  "places".* FROM "places" WHERE "places"."id" = ? LIMIT ?[0m  [["id", 20], ["LIMIT", 1]]
  Rendering places/show.html.erb within layouts/application
  Rendered places/show.html.erb within layouts/application (0.9ms)
Completed 200 OK in 32ms (Views: 25.0ms | ActiveRecord: 0.1ms)


Started GET "/places/17" for 127.0.0.1 at 2018-01-16 23:42:41 +1100
Processing by PlacesController#show as HTML
  Parameters: {"id"=>"17"}
  [1m[36mPlace Load (0.3ms)[0m  [1m[34mSELECT  "places".* FROM "places" WHERE "places"."id" = ? LIMIT ?[0m  [["id", 17], ["LIMIT", 1]]
  Rendering places/show.html.erb within layouts/application
  Rendered places/show.html.erb within layouts/application (1.3ms)
Completed 200 OK in 48ms (Views: 39.6ms | ActiveRecord: 0.3ms)


Started GET "/places/18" for 127.0.0.1 at 2018-01-16 23:42:49 +1100
Processing by PlacesController#show as HTML
  Parameters: {"id"=>"18"}
  [1m[36mPlace Load (0.2ms)[0m  [1m[34mSELECT  "places".* FROM "places" WHERE "places"."id" = ? LIMIT ?[0m  [["id", 18], ["LIMIT", 1]]
  Rendering places/show.html.erb within layouts/application
  Rendered places/show.html.erb within layouts/application (1.4ms)
Completed 200 OK in 29ms (Views: 23.2ms | ActiveRecord: 0.2ms)


Started GET "/" for 127.0.0.1 at 2018-01-16 23:44:21 +1100
Processing by PlacesController#index as HTML
  Rendering places/index.html.erb within layouts/application
  [1m[36mPlace Load (0.2ms)[0m  [1m[34mSELECT "places".* FROM "places"[0m
  Rendered places/index.html.erb within layouts/application (2.2ms)
Completed 200 OK in 44ms (Views: 39.9ms | ActiveRecord: 0.2ms)


Started GET "/" for 127.0.0.1 at 2018-01-16 23:44:22 +1100
Processing by PlacesController#index as HTML
  Rendering places/index.html.erb within layouts/application
  [1m[36mPlace Load (0.2ms)[0m  [1m[34mSELECT "places".* FROM "places"[0m
  Rendered places/index.html.erb within layouts/application (2.2ms)
Completed 200 OK in 41ms (Views: 37.4ms | ActiveRecord: 0.2ms)


Started GET "/" for 127.0.0.1 at 2018-01-16 23:44:56 +1100
Processing by PlacesController#index as HTML
  Rendering places/index.html.erb within layouts/application
  [1m[36mPlace Load (0.2ms)[0m  [1m[34mSELECT "places".* FROM "places"[0m
  Rendered places/index.html.erb within layouts/application (2.9ms)
Completed 200 OK in 43ms (Views: 40.4ms | ActiveRecord: 0.2ms)


Started GET "/places/16" for 127.0.0.1 at 2018-01-16 23:44:58 +1100
Processing by PlacesController#show as HTML
  Parameters: {"id"=>"16"}
  [1m[36mPlace Load (0.2ms)[0m  [1m[34mSELECT  "places".* FROM "places" WHERE "places"."id" = ? LIMIT ?[0m  [["id", 16], ["LIMIT", 1]]
  Rendering places/show.html.erb within layouts/application
  Rendered places/show.html.erb within layouts/application (0.9ms)
Completed 200 OK in 37ms (Views: 29.6ms | ActiveRecord: 0.2ms)


Started GET "/places/16" for 127.0.0.1 at 2018-01-16 23:45:23 +1100
Processing by PlacesController#show as HTML
  Parameters: {"id"=>"16"}
  [1m[36mPlace Load (0.1ms)[0m  [1m[34mSELECT  "places".* FROM "places" WHERE "places"."id" = ? LIMIT ?[0m  [["id", 16], ["LIMIT", 1]]
  Rendering places/show.html.erb within layouts/application
  Rendered places/show.html.erb within layouts/application (0.7ms)
Completed 200 OK in 39ms (Views: 36.3ms | ActiveRecord: 0.1ms)


Started GET "/places/16" for 127.0.0.1 at 2018-01-16 23:45:32 +1100
Processing by PlacesController#show as HTML
  Parameters: {"id"=>"16"}
  [1m[36mPlace Load (0.2ms)[0m  [1m[34mSELECT  "places".* FROM "places" WHERE "places"."id" = ? LIMIT ?[0m  [["id", 16], ["LIMIT", 1]]
  Rendering places/show.html.erb within layouts/application
  Rendered places/show.html.erb within layouts/application (1.0ms)
Completed 200 OK in 58ms (Views: 52.7ms | ActiveRecord: 0.2ms)


Started GET "/" for 127.0.0.1 at 2018-01-16 23:45:43 +1100
Processing by PlacesController#index as HTML
  Rendering places/index.html.erb within layouts/application
  [1m[36mPlace Load (0.2ms)[0m  [1m[34mSELECT "places".* FROM "places"[0m
  Rendered places/index.html.erb within layouts/application (2.1ms)
Completed 200 OK in 38ms (Views: 32.0ms | ActiveRecord: 0.2ms)


Started GET "/" for 127.0.0.1 at 2018-01-16 23:45:43 +1100
Processing by PlacesController#index as HTML
  Rendering places/index.html.erb within layouts/application
  [1m[36mPlace Load (0.4ms)[0m  [1m[34mSELECT "places".* FROM "places"[0m
  Rendered places/index.html.erb within layouts/application (4.1ms)
Completed 200 OK in 76ms (Views: 72.2ms | ActiveRecord: 0.4ms)


Started GET "/places/19" for 127.0.0.1 at 2018-01-16 23:45:49 +1100
Processing by PlacesController#show as HTML
  Parameters: {"id"=>"19"}
  [1m[36mPlace Load (0.2ms)[0m  [1m[34mSELECT  "places".* FROM "places" WHERE "places"."id" = ? LIMIT ?[0m  [["id", 19], ["LIMIT", 1]]
  Rendering places/show.html.erb within layouts/application
  Rendered places/show.html.erb within layouts/application (1.3ms)
Completed 200 OK in 25ms (Views: 20.5ms | ActiveRecord: 0.2ms)


Started GET "/places/17" for 127.0.0.1 at 2018-01-16 23:45:54 +1100
Processing by PlacesController#show as HTML
  Parameters: {"id"=>"17"}
  [1m[36mPlace Load (0.1ms)[0m  [1m[34mSELECT  "places".* FROM "places" WHERE "places"."id" = ? LIMIT ?[0m  [["id", 17], ["LIMIT", 1]]
  Rendering places/show.html.erb within layouts/application
  Rendered places/show.html.erb within layouts/application (1.5ms)
Completed 200 OK in 26ms (Views: 21.0ms | ActiveRecord: 0.1ms)


Started GET "/places/19" for 127.0.0.1 at 2018-01-16 23:45:59 +1100
Processing by PlacesController#show as HTML
  Parameters: {"id"=>"19"}
  [1m[36mPlace Load (0.3ms)[0m  [1m[34mSELECT  "places".* FROM "places" WHERE "places"."id" = ? LIMIT ?[0m  [["id", 19], ["LIMIT", 1]]
  Rendering places/show.html.erb within layouts/application
  Rendered places/show.html.erb within layouts/application (2.5ms)
Completed 200 OK in 38ms (Views: 31.2ms | ActiveRecord: 0.3ms)


Started GET "/" for 127.0.0.1 at 2018-01-16 23:48:08 +1100
Processing by PlacesController#index as HTML
  Rendering places/index.html.erb within layouts/application
  [1m[36mPlace Load (0.2ms)[0m  [1m[34mSELECT "places".* FROM "places"[0m
  Rendered places/index.html.erb within layouts/application (2.7ms)
Completed 200 OK in 32ms (Views: 24.3ms | ActiveRecord: 0.2ms)


Started GET "/places/16" for 127.0.0.1 at 2018-01-16 23:48:16 +1100
Processing by PlacesController#show as HTML
  Parameters: {"id"=>"16"}
  [1m[36mPlace Load (0.2ms)[0m  [1m[34mSELECT  "places".* FROM "places" WHERE "places"."id" = ? LIMIT ?[0m  [["id", 16], ["LIMIT", 1]]
  Rendering places/show.html.erb within layouts/application
  Rendered places/show.html.erb within layouts/application (1.0ms)
Completed 200 OK in 28ms (Views: 24.5ms | ActiveRecord: 0.2ms)


Started GET "/places/17" for 127.0.0.1 at 2018-01-16 23:48:22 +1100
Processing by PlacesController#show as HTML
  Parameters: {"id"=>"17"}
  [1m[36mPlace Load (0.1ms)[0m  [1m[34mSELECT  "places".* FROM "places" WHERE "places"."id" = ? LIMIT ?[0m  [["id", 17], ["LIMIT", 1]]
  Rendering places/show.html.erb within layouts/application
  Rendered places/show.html.erb within layouts/application (0.9ms)
Completed 200 OK in 26ms (Views: 20.8ms | ActiveRecord: 0.1ms)


Started GET "/places/17/edit" for 127.0.0.1 at 2018-01-16 23:48:31 +1100
Processing by PlacesController#edit as HTML
  Parameters: {"id"=>"17"}
  [1m[36mPlace Load (0.1ms)[0m  [1m[34mSELECT  "places".* FROM "places" WHERE "places"."id" = ? LIMIT ?[0m  [["id", 17], ["LIMIT", 1]]
  Rendering places/edit.html.erb within layouts/application
  Rendered places/edit.html.erb within layouts/application (0.6ms)
Completed 200 OK in 26ms (Views: 19.9ms | ActiveRecord: 0.1ms)


Started POST "/places/17" for 127.0.0.1 at 2018-01-16 23:48:39 +1100
Processing by PlacesController#update as HTML
  Parameters: {"name"=>"Udaipur Palace", "location"=>"Udaipur", "image"=>"https://dontgetserious.com/wp-content/uploads/2017/08/4f226eea24c192c66b63e78ce69aab031476259048.jpg", "description"=>" Located on the banks of Lake Pichola is the great City Palace built in a flamboyant style by the Rajasthani and Mughal emperors.", "rating"=>"8", "id"=>"17"}
  [1m[36mPlace Load (0.2ms)[0m  [1m[34mSELECT  "places".* FROM "places" WHERE "places"."id" = ? LIMIT ?[0m  [["id", 17], ["LIMIT", 1]]
  [1m[35m (0.1ms)[0m  [1m[36mbegin transaction[0m
  [1m[35mSQL (0.6ms)[0m  [1m[33mUPDATE "places" SET "rating" = ?, "updated_at" = ? WHERE "places"."id" = ?[0m  [["rating", 8.0], ["updated_at", "2018-01-16 12:48:39.257573"], ["id", 17]]
  [1m[35m (1.0ms)[0m  [1m[36mcommit transaction[0m
Redirected to http://localhost:3000/places/17
Completed 302 Found in 7ms (ActiveRecord: 1.8ms)


Started GET "/places/17" for 127.0.0.1 at 2018-01-16 23:48:39 +1100
Processing by PlacesController#show as HTML
  Parameters: {"id"=>"17"}
  [1m[36mPlace Load (0.2ms)[0m  [1m[34mSELECT  "places".* FROM "places" WHERE "places"."id" = ? LIMIT ?[0m  [["id", 17], ["LIMIT", 1]]
  Rendering places/show.html.erb within layouts/application
  Rendered places/show.html.erb within layouts/application (0.7ms)
Completed 200 OK in 22ms (Views: 17.2ms | ActiveRecord: 0.2ms)


Started GET "/places/17" for 127.0.0.1 at 2018-01-16 23:48:49 +1100
Processing by PlacesController#show as HTML
  Parameters: {"id"=>"17"}
  [1m[36mPlace Load (0.1ms)[0m  [1m[34mSELECT  "places".* FROM "places" WHERE "places"."id" = ? LIMIT ?[0m  [["id", 17], ["LIMIT", 1]]
  Rendering places/show.html.erb within layouts/application
  Rendered places/show.html.erb within layouts/application (1.1ms)
Completed 200 OK in 26ms (Views: 21.5ms | ActiveRecord: 0.1ms)


Started GET "/" for 127.0.0.1 at 2018-01-16 23:48:50 +1100
Processing by PlacesController#index as HTML
  Rendering places/index.html.erb within layouts/application
  [1m[36mPlace Load (0.5ms)[0m  [1m[34mSELECT "places".* FROM "places"[0m
  Rendered places/index.html.erb within layouts/application (2.5ms)
Completed 200 OK in 27ms (Views: 22.8ms | ActiveRecord: 0.5ms)


Started GET "/places/17" for 127.0.0.1 at 2018-01-16 23:48:55 +1100
Processing by PlacesController#show as HTML
  Parameters: {"id"=>"17"}
  [1m[36mPlace Load (0.3ms)[0m  [1m[34mSELECT  "places".* FROM "places" WHERE "places"."id" = ? LIMIT ?[0m  [["id", 17], ["LIMIT", 1]]
  Rendering places/show.html.erb within layouts/application
  Rendered places/show.html.erb within layouts/application (3.4ms)
Completed 200 OK in 38ms (Views: 30.1ms | ActiveRecord: 0.3ms)


Started GET "/places/17/edit" for 127.0.0.1 at 2018-01-16 23:48:58 +1100
Processing by PlacesController#edit as HTML
  Parameters: {"id"=>"17"}
  [1m[36mPlace Load (0.3ms)[0m  [1m[34mSELECT  "places".* FROM "places" WHERE "places"."id" = ? LIMIT ?[0m  [["id", 17], ["LIMIT", 1]]
  Rendering places/edit.html.erb within layouts/application
  Rendered places/edit.html.erb within layouts/application (2.2ms)
Completed 200 OK in 40ms (Views: 32.4ms | ActiveRecord: 0.3ms)


Started POST "/places/17" for 127.0.0.1 at 2018-01-16 23:49:03 +1100
Processing by PlacesController#update as HTML
  Parameters: {"name"=>"Udaipur Palace", "location"=>"Udaipur", "image"=>"https://dontgetserious.com/wp-content/uploads/2017/08/4f226eea24c192c66b63e78ce69aab031476259048.jpg", "description"=>" Located on the banks of Lake Pichola is the great City Palace built in a flamboyant style by the Rajasthani and Mughal emperors.", "rating"=>"10", "id"=>"17"}
  [1m[36mPlace Load (0.2ms)[0m  [1m[34mSELECT  "places".* FROM "places" WHERE "places"."id" = ? LIMIT ?[0m  [["id", 17], ["LIMIT", 1]]
  [1m[35m (0.1ms)[0m  [1m[36mbegin transaction[0m
  [1m[35mSQL (1.4ms)[0m  [1m[33mUPDATE "places" SET "rating" = ?, "updated_at" = ? WHERE "places"."id" = ?[0m  [["rating", 10.0], ["updated_at", "2018-01-16 12:49:03.984610"], ["id", 17]]
  [1m[35m (1.1ms)[0m  [1m[36mcommit transaction[0m
Redirected to http://localhost:3000/places/17
Completed 302 Found in 8ms (ActiveRecord: 2.9ms)


Started GET "/places/17" for 127.0.0.1 at 2018-01-16 23:49:04 +1100
Processing by PlacesController#show as HTML
  Parameters: {"id"=>"17"}
  [1m[36mPlace Load (0.2ms)[0m  [1m[34mSELECT  "places".* FROM "places" WHERE "places"."id" = ? LIMIT ?[0m  [["id", 17], ["LIMIT", 1]]
  Rendering places/show.html.erb within layouts/application
  Rendered places/show.html.erb within layouts/application (0.9ms)
Completed 200 OK in 38ms (Views: 34.5ms | ActiveRecord: 0.2ms)


Started GET "/" for 127.0.0.1 at 2018-01-16 23:49:18 +1100
Processing by PlacesController#index as HTML
  Rendering places/index.html.erb within layouts/application
  [1m[36mPlace Load (0.2ms)[0m  [1m[34mSELECT "places".* FROM "places"[0m
  Rendered places/index.html.erb within layouts/application (2.7ms)
Completed 200 OK in 25ms (Views: 21.1ms | ActiveRecord: 0.2ms)


Started GET "/new" for 127.0.0.1 at 2018-01-16 23:50:10 +1100
  
ActionController::RoutingError (No route matches [GET] "/new"):
  
actionpack (5.1.4) lib/action_dispatch/middleware/debug_exceptions.rb:63:in `call'
web-console (3.5.1) lib/web_console/middleware.rb:135:in `call_app'
web-console (3.5.1) lib/web_console/middleware.rb:28:in `block in call'
web-console (3.5.1) lib/web_console/middleware.rb:18:in `catch'
web-console (3.5.1) lib/web_console/middleware.rb:18:in `call'
actionpack (5.1.4) lib/action_dispatch/middleware/show_exceptions.rb:31:in `call'
railties (5.1.4) lib/rails/rack/logger.rb:36:in `call_app'
railties (5.1.4) lib/rails/rack/logger.rb:24:in `block in call'
activesupport (5.1.4) lib/active_support/tagged_logging.rb:69:in `block in tagged'
activesupport (5.1.4) lib/active_support/tagged_logging.rb:26:in `tagged'
activesupport (5.1.4) lib/active_support/tagged_logging.rb:69:in `tagged'
railties (5.1.4) lib/rails/rack/logger.rb:24:in `call'
sprockets-rails (3.2.1) lib/sprockets/rails/quiet_assets.rb:13:in `call'
actionpack (5.1.4) lib/action_dispatch/middleware/remote_ip.rb:79:in `call'
actionpack (5.1.4) lib/action_dispatch/middleware/request_id.rb:25:in `call'
rack (2.0.3) lib/rack/method_override.rb:22:in `call'
rack (2.0.3) lib/rack/runtime.rb:22:in `call'
activesupport (5.1.4) lib/active_support/cache/strategy/local_cache_middleware.rb:27:in `call'
actionpack (5.1.4) lib/action_dispatch/middleware/executor.rb:12:in `call'
actionpack (5.1.4) lib/action_dispatch/middleware/static.rb:125:in `call'
rack (2.0.3) lib/rack/sendfile.rb:111:in `call'
railties (5.1.4) lib/rails/engine.rb:522:in `call'
puma (3.11.0) lib/puma/configuration.rb:225:in `call'
puma (3.11.0) lib/puma/server.rb:624:in `handle_request'
puma (3.11.0) lib/puma/server.rb:438:in `process_client'
puma (3.11.0) lib/puma/server.rb:302:in `block in run'
puma (3.11.0) lib/puma/thread_pool.rb:120:in `block in spawn_thread'
Started GET "/places/new" for 127.0.0.1 at 2018-01-16 23:50:21 +1100
Processing by PlacesController#new as HTML
  Rendering places/new.html.erb within layouts/application
  Rendered places/new.html.erb within layouts/application (0.3ms)
Completed 200 OK in 23ms (Views: 20.0ms | ActiveRecord: 0.0ms)


Started GET "/places/new" for 127.0.0.1 at 2018-01-17 09:01:10 +1100
Processing by PlacesController#new as HTML
  Rendering places/new.html.erb within layouts/application
  Rendered places/new.html.erb within layouts/application (5.2ms)
Completed 200 OK in 71ms (Views: 61.3ms | ActiveRecord: 0.0ms)


Started GET "/places/new" for 127.0.0.1 at 2018-01-17 09:01:27 +1100
Processing by PlacesController#new as HTML
  Rendering places/new.html.erb within layouts/application
  Rendered places/new.html.erb within layouts/application (1.5ms)
Completed 200 OK in 33ms (Views: 30.1ms | ActiveRecord: 0.0ms)


Started GET "/places/new" for 127.0.0.1 at 2018-01-17 09:01:28 +1100
Processing by PlacesController#new as HTML
  Rendering places/new.html.erb within layouts/application
  Rendered places/new.html.erb within layouts/application (2.0ms)
Completed 200 OK in 40ms (Views: 35.3ms | ActiveRecord: 0.0ms)


Started GET "/places/new" for 127.0.0.1 at 2018-01-17 09:01:52 +1100
Processing by PlacesController#new as HTML
  Rendering places/new.html.erb within layouts/application
  Rendered places/new.html.erb within layouts/application (0.6ms)
Completed 200 OK in 29ms (Views: 25.9ms | ActiveRecord: 0.0ms)


Started GET "/" for 127.0.0.1 at 2018-01-17 09:02:19 +1100
Processing by PlacesController#index as HTML
  Rendering places/index.html.erb within layouts/application
  [1m[36mPlace Load (4.8ms)[0m  [1m[34mSELECT "places".* FROM "places"[0m
  Rendered places/index.html.erb within layouts/application (15.0ms)
Completed 200 OK in 49ms (Views: 37.8ms | ActiveRecord: 4.8ms)


Started GET "/" for 127.0.0.1 at 2018-01-17 09:02:32 +1100
Processing by PlacesController#index as HTML
  Rendering places/index.html.erb within layouts/application
  [1m[36mPlace Load (0.7ms)[0m  [1m[34mSELECT "places".* FROM "places"[0m
  Rendered places/index.html.erb within layouts/application (3.0ms)
Completed 200 OK in 44ms (Views: 40.3ms | ActiveRecord: 0.7ms)


Started GET "/" for 127.0.0.1 at 2018-01-17 09:03:57 +1100
Processing by PlacesController#index as HTML
  Rendering places/index.html.erb within layouts/application
  [1m[36mPlace Load (0.3ms)[0m  [1m[34mSELECT "places".* FROM "places"[0m
  Rendered places/index.html.erb within layouts/application (2.7ms)
Completed 200 OK in 78ms (Views: 73.3ms | ActiveRecord: 0.3ms)


Started GET "/" for 127.0.0.1 at 2018-01-17 09:03:59 +1100
Processing by PlacesController#index as HTML
  Rendering places/index.html.erb within layouts/application
  [1m[36mPlace Load (0.2ms)[0m  [1m[34mSELECT "places".* FROM "places"[0m
  Rendered places/index.html.erb within layouts/application (3.2ms)
Completed 200 OK in 23ms (Views: 20.3ms | ActiveRecord: 0.2ms)


Started GET "/places/16" for 127.0.0.1 at 2018-01-17 09:04:24 +1100
Processing by PlacesController#show as HTML
  Parameters: {"id"=>"16"}
  [1m[36mPlace Load (0.2ms)[0m  [1m[34mSELECT  "places".* FROM "places" WHERE "places"."id" = ? LIMIT ?[0m  [["id", 16], ["LIMIT", 1]]
  Rendering places/show.html.erb within layouts/application
  Rendered places/show.html.erb within layouts/application (1.6ms)
Completed 200 OK in 29ms (Views: 22.7ms | ActiveRecord: 0.2ms)


Started GET "/places/18" for 127.0.0.1 at 2018-01-17 09:04:37 +1100
Processing by PlacesController#show as HTML
  Parameters: {"id"=>"18"}
  [1m[36mPlace Load (0.2ms)[0m  [1m[34mSELECT  "places".* FROM "places" WHERE "places"."id" = ? LIMIT ?[0m  [["id", 18], ["LIMIT", 1]]
  Rendering places/show.html.erb within layouts/application
  Rendered places/show.html.erb within layouts/application (0.9ms)
Completed 200 OK in 30ms (Views: 23.3ms | ActiveRecord: 0.2ms)


